[0711/171453.796:ERROR:process_memory_win.cc(73)] ReadMemory at 0x7ff632630000 of 64 bytes failed: Only part of a ReadProcessMemory or WriteProcessMemory request was completed. (0x12B)
[0711/171453.849:WARNING:pe_image_reader.cc(340)] could not read dos header from C:\Program Files (x86)\Google\Chrome\Application\chrome.exe
[0711/171453.849:ERROR:process_memory_win.cc(73)] ReadMemory at 0x7ffb1fd80000 of 64 bytes failed: Only part of a ReadProcessMemory or WriteProcessMemory request was completed. (0x12B)
[0711/171453.849:WARNING:pe_image_reader.cc(340)] could not read dos header from C:\WINDOWS\SYSTEM32\ntdll.dll
[0711/171453.849:ERROR:process_memory_win.cc(73)] ReadMemory at 0x7ffb1f7d0000 of 64 bytes failed: Only part of a ReadProcessMemory or WriteProcessMemory request was completed. (0x12B)
[0711/171453.849:WARNING:pe_image_reader.cc(340)] could not read dos header from C:\WINDOWS\System32\KERNEL32.DLL
[0711/171453.849:ERROR:process_memory_win.cc(73)] ReadMemory at 0x7ffb1d9e0000 of 64 bytes failed: Only part of a ReadProcessMemory or WriteProcessMemory request was completed. (0x12B)
[0711/171453.849:WARNING:pe_image_reader.cc(340)] could not read dos header from C:\WINDOWS\System32\KERNELBASE.dll
[0711/171453.849:ERROR:process_memory_win.cc(73)] ReadMemory at 0x7ffaeefe0000 of 64 bytes failed: Only part of a ReadProcessMemory or WriteProcessMemory request was completed. (0x12B)
[0711/171453.849:WARNING:pe_image_reader.cc(340)] could not read dos header from C:\Program Files (x86)\Google\Chrome\Application\83.0.4103.116\chrome_elf.dll
[0711/171453.849:ERROR:process_memory_win.cc(73)] ReadMemory at 0x7ffb16e10000 of 64 bytes failed: Only part of a ReadProcessMemory or WriteProcessMemory request was completed. (0x12B)
[0711/171453.849:WARNING:pe_image_reader.cc(340)] could not read dos header from C:\WINDOWS\SYSTEM32\VERSION.dll
[0711/171453.849:ERROR:process_memory_win.cc(73)] ReadMemory at 0x7ffb1f420000 of 64 bytes failed: Only part of a ReadProcessMemory or WriteProcessMemory request was completed. (0x12B)
[0711/171453.849:WARNING:pe_image_reader.cc(340)] could not read dos header from C:\WINDOWS\System32\msvcrt.dll
[0711/171453.849:ERROR:process_memory_win.cc(73)] ReadMemory at 0x7ffb1cd10000 of 64 bytes failed: Only part of a ReadProcessMemory or WriteProcessMemory request was completed. (0x12B)
[0711/171453.849:WARNING:pe_image_reader.cc(340)] could not read dos header from C:\WINDOWS\System32\bcryptPrimitives.dll
[0711/171453.849:ERROR:process_memory_win.cc(73)] ReadMemory at 0x7ffb1f5d0000 of 64 bytes failed: Only part of a ReadProcessMemory or WriteProcessMemory request was completed. (0x12B)
[0711/171453.849:WARNING:pe_image_reader.cc(340)] could not read dos header from C:\WINDOWS\System32\ADVAPI32.dll
[0711/171453.849:ERROR:process_memory_win.cc(73)] ReadMemory at 0x7ffb1f680000 of 64 bytes failed: Only part of a ReadProcessMemory or WriteProcessMemory request was completed. (0x12B)
[0711/171453.849:WARNING:pe_image_reader.cc(340)] could not read dos header from C:\WINDOWS\System32\sechost.dll
[0711/171453.849:ERROR:process_memory_win.cc(73)] ReadMemory at 0x7ffb1fc20000 of 64 bytes failed: Only part of a ReadProcessMemory or WriteProcessMemory request was completed. (0x12B)
[0711/171453.849:WARNING:pe_image_reader.cc(340)] could not read dos header from C:\WINDOWS\System32\RPCRT4.dll
[0711/171453.849:ERROR:process_memory_win.cc(73)] ReadMemory at 0x7ffac9870000 of 64 bytes failed: Only part of a ReadProcessMemory or WriteProcessMemory request was completed. (0x12B)
[0711/171453.849:WARNING:pe_image_reader.cc(340)] could not read dos header from C:\Program Files (x86)\Google\Chrome\Application\83.0.4103.116\chrome.dll
[0711/171453.849:ERROR:process_memory_win.cc(73)] ReadMemory at 0x7ffb1f980000 of 64 bytes failed: Only part of a ReadProcessMemory or WriteProcessMemory request was completed. (0x12B)
[0711/171453.849:WARNING:pe_image_reader.cc(340)] could not read dos header from C:\WINDOWS\System32\WS2_32.dll
[0711/171453.849:ERROR:process_memory_win.cc(73)] ReadMemory at 0x7ffb1f2f0000 of 64 bytes failed: Only part of a ReadProcessMemory or WriteProcessMemory request was completed. (0x12B)
[0711/171453.849:WARNING:pe_image_reader.cc(340)] could not read dos header from C:\WINDOWS\System32\OLEAUT32.dll
[0711/171453.849:ERROR:process_memory_win.cc(73)] ReadMemory at 0x7ffb1cee0000 of 64 bytes failed: Only part of a ReadProcessMemory or WriteProcessMemory request was completed. (0x12B)
[0711/171453.849:WARNING:pe_image_reader.cc(340)] could not read dos header from C:\WINDOWS\System32\msvcp_win.dll
[0711/171453.849:ERROR:process_memory_win.cc(73)] ReadMemory at 0x7ffb1d860000 of 64 bytes failed: Only part of a ReadProcessMemory or WriteProcessMemory request was completed. (0x12B)
[0711/171453.849:WARNING:pe_image_reader.cc(340)] could not read dos header from C:\WINDOWS\System32\ucrtbase.dll
[0711/171453.849:ERROR:process_memory_win.cc(73)] ReadMemory at 0x7ffb1ea20000 of 64 bytes failed: Only part of a ReadProcessMemory or WriteProcessMemory request was completed. (0x12B)
[0711/171453.849:WARNING:pe_image_reader.cc(340)] could not read dos header from C:\WINDOWS\System32\combase.dll
[0711/171453.849:ERROR:process_memory_win.cc(73)] ReadMemory at 0x7ffb1d080000 of 64 bytes failed: Only part of a ReadProcessMemory or WriteProcessMemory request was completed. (0x12B)
[0711/171453.849:WARNING:pe_image_reader.cc(340)] could not read dos header from C:\WINDOWS\System32\WINTRUST.dll
[0711/171453.849:ERROR:process_memory_win.cc(73)] ReadMemory at 0x7ffb1ccf0000 of 64 bytes failed: Only part of a ReadProcessMemory or WriteProcessMemory request was completed. (0x12B)
[0711/171453.849:WARNING:pe_image_reader.cc(340)] could not read dos header from C:\WINDOWS\System32\MSASN1.dll
[0711/171453.849:ERROR:process_memory_win.cc(73)] ReadMemory at 0x7ffb1cd90000 of 64 bytes failed: Only part of a ReadProcessMemory or WriteProcessMemory request was completed. (0x12B)
[0711/171453.849:WARNING:pe_image_reader.cc(340)] could not read dos header from C:\WINDOWS\System32\CRYPT32.dll
[0711/171453.849:ERROR:process_memory_win.cc(73)] ReadMemory at 0x7ffb1c160000 of 64 bytes failed: Only part of a ReadProcessMemory or WriteProcessMemory request was completed. (0x12B)
[0711/171453.849:WARNING:pe_image_reader.cc(340)] could not read dos header from C:\WINDOWS\SYSTEM32\IPHLPAPI.DLL
[0711/171453.849:ERROR:process_memory_win.cc(73)] ReadMemory at 0x7ffb1adc0000 of 64 bytes failed: Only part of a ReadProcessMemory or WriteProcessMemory request was completed. (0x12B)
[0711/171453.849:WARNING:pe_image_reader.cc(340)] could not read dos header from C:\WINDOWS\SYSTEM32\WINMM.dll
[0711/171453.849:ERROR:process_memory_win.cc(73)] ReadMemory at 0x7ffb04ef0000 of 64 bytes failed: Only part of a ReadProcessMemory or WriteProcessMemory request was completed. (0x12B)
[0711/171453.849:WARNING:pe_image_reader.cc(340)] could not read dos header from C:\WINDOWS\SYSTEM32\Secur32.dll
[0711/171453.849:ERROR:process_memory_win.cc(73)] ReadMemory at 0x7ffb1cb30000 of 64 bytes failed: Only part of a ReadProcessMemory or WriteProcessMemory request was completed. (0x12B)
[0711/171453.849:WARNING:pe_image_reader.cc(340)] could not read dos header from C:\WINDOWS\SYSTEM32\USERENV.dll
[0711/171453.849:ERROR:process_memory_win.cc(73)] ReadMemory at 0x7ffb1cc70000 of 64 bytes failed: Only part of a ReadProcessMemory or WriteProcessMemory request was completed. (0x12B)
[0711/171453.849:WARNING:pe_image_reader.cc(340)] could not read dos header from C:\WINDOWS\System32\profapi.dll
[0711/171453.849:ERROR:process_memory_win.cc(73)] ReadMemory at 0x7ffaf3e70000 of 64 bytes failed: Only part of a ReadProcessMemory or WriteProcessMemory request was completed. (0x12B)
[0711/171453.849:WARNING:pe_image_reader.cc(340)] could not read dos header from C:\WINDOWS\SYSTEM32\UIAutomationCore.DLL
[0711/171453.849:ERROR:process_memory_win.cc(73)] ReadMemory at 0x7ffafe680000 of 64 bytes failed: Only part of a ReadProcessMemory or WriteProcessMemory request was completed. (0x12B)
[0711/171453.849:WARNING:pe_image_reader.cc(340)] could not read dos header from C:\WINDOWS\SYSTEM32\DWrite.dll
[0711/171453.865:ERROR:process_memory_win.cc(73)] ReadMemory at 0x7ffb0de50000 of 64 bytes failed: Only part of a ReadProcessMemory or WriteProcessMemory request was completed. (0x12B)
[0711/171453.865:WARNING:pe_image_reader.cc(340)] could not read dos header from C:\WINDOWS\SYSTEM32\WINSPOOL.DRV
[0711/171453.865:ERROR:process_memory_win.cc(73)] ReadMemory at 0x7ffb1cc50000 of 64 bytes failed: Only part of a ReadProcessMemory or WriteProcessMemory request was completed. (0x12B)
[0711/171453.865:WARNING:pe_image_reader.cc(340)] could not read dos header from C:\WINDOWS\System32\kernel.appcore.dll
[0711/171453.865:ERROR:process_memory_win.cc(73)] ReadMemory at 0x7ffb1d030000 of 64 bytes failed: Only part of a ReadProcessMemory or WriteProcessMemory request was completed. (0x12B)
[0711/171453.865:WARNING:pe_image_reader.cc(340)] could not read dos header from C:\WINDOWS\System32\bcrypt.dll
[0711/171453.865:ERROR:process_memory_win.cc(73)] ReadMemory at 0x7ffb07020000 of 64 bytes failed: Only part of a ReadProcessMemory or WriteProcessMemory request was completed. (0x12B)
[0711/171453.865:WARNING:pe_image_reader.cc(340)] could not read dos header from C:\WINDOWS\SYSTEM32\dbghelp.dll
[0711/171453.865:ERROR:process_memory_win.cc(73)] ReadMemory at 0x7ffb17d90000 of 64 bytes failed: Only part of a ReadProcessMemory or WriteProcessMemory request was completed. (0x12B)
[0711/171453.865:WARNING:pe_image_reader.cc(340)] could not read dos header from C:\WINDOWS\SYSTEM32\WINHTTP.dll
[0711/171453.865:ERROR:process_memory_win.cc(73)] ReadMemory at 0x7ffb16740000 of 64 bytes failed: Only part of a ReadProcessMemory or WriteProcessMemory request was completed. (0x12B)
[0711/171453.865:WARNING:pe_image_reader.cc(340)] could not read dos header from C:\WINDOWS\SYSTEM32\dhcpcsvc.DLL
[0711/171453.865:ERROR:process_memory_win.cc(73)] ReadMemory at 0x7ffb1e520000 of 64 bytes failed: Only part of a ReadProcessMemory or WriteProcessMemory request was completed. (0x12B)
[0711/171453.865:WARNING:pe_image_reader.cc(340)] could not read dos header from C:\WINDOWS\System32\NSI.dll
[0711/171453.865:ERROR:process_memory_win.cc(73)] ReadMemory at 0x7ffb1ad90000 of 64 bytes failed: Only part of a ReadProcessMemory or WriteProcessMemory request was completed. (0x12B)
[0711/171453.865:WARNING:pe_image_reader.cc(340)] could not read dos header from C:\WINDOWS\SYSTEM32\WINMMBASE.dll
[0711/171453.865:ERROR:process_memory_win.cc(73)] ReadMemory at 0x7ffb1d990000 of 64 bytes failed: Only part of a ReadProcessMemory or WriteProcessMemory request was completed. (0x12B)
[0711/171453.865:WARNING:pe_image_reader.cc(340)] could not read dos header from C:\WINDOWS\System32\cfgmgr32.dll
[0711/171453.865:ERROR:process_memory_win.cc(73)] ReadMemory at 0x7ffb192a0000 of 64 bytes failed: Only part of a ReadProcessMemory or WriteProcessMemory request was completed. (0x12B)
[0711/171453.865:WARNING:pe_image_reader.cc(340)] could not read dos header from C:\WINDOWS\SYSTEM32\PROPSYS.dll
[0711/171453.865:ERROR:process_memory_win.cc(73)] ReadMemory at 0x7ffb1f720000 of 64 bytes failed: Only part of a ReadProcessMemory or WriteProcessMemory request was completed. (0x12B)
[0711/171453.865:WARNING:pe_image_reader.cc(340)] could not read dos header from C:\WINDOWS\System32\shcore.dll
[0711/171453.865:ERROR:process_memory_win.cc(73)] ReadMemory at 0x7ffb1cb60000 of 64 bytes failed: Only part of a ReadProcessMemory or WriteProcessMemory request was completed. (0x12B)
[0711/171453.865:WARNING:pe_image_reader.cc(340)] could not read dos header from C:\WINDOWS\SYSTEM32\SSPICLI.DLL
[0711/171453.865:ERROR:process_memory_win.cc(73)] ReadMemory at 0x7ffb1c620000 of 64 bytes failed: Only part of a ReadProcessMemory or WriteProcessMemory request was completed. (0x12B)
[0711/171453.865:WARNING:pe_image_reader.cc(340)] could not read dos header from C:\WINDOWS\SYSTEM32\CRYPTBASE.DLL
[0711/171453.897:ERROR:process_memory_win.cc(73)] ReadMemory at 0x7ff632630000 of 64 bytes failed: Only part of a ReadProcessMemory or WriteProcessMemory request was completed. (0x12B)
[0711/171453.897:WARNING:pe_image_reader.cc(340)] could not read dos header from C:\Program Files (x86)\Google\Chrome\Application\chrome.exe
[0711/171453.897:ERROR:process_memory_win.cc(73)] ReadMemory at 0x7ffb1fd80000 of 64 bytes failed: Only part of a ReadProcessMemory or WriteProcessMemory request was completed. (0x12B)
[0711/171453.897:WARNING:pe_image_reader.cc(340)] could not read dos header from C:\WINDOWS\SYSTEM32\ntdll.dll
[0711/171453.897:ERROR:process_memory_win.cc(73)] ReadMemory at 0x7ffb1f7d0000 of 64 bytes failed: Only part of a ReadProcessMemory or WriteProcessMemory request was completed. (0x12B)
[0711/171453.897:WARNING:pe_image_reader.cc(340)] could not read dos header from C:\WINDOWS\System32\KERNEL32.DLL
[0711/171453.897:ERROR:process_memory_win.cc(73)] ReadMemory at 0x7ffb1d9e0000 of 64 bytes failed: Only part of a ReadProcessMemory or WriteProcessMemory request was completed. (0x12B)
[0711/171453.897:WARNING:pe_image_reader.cc(340)] could not read dos header from C:\WINDOWS\System32\KERNELBASE.dll
[0711/171453.897:ERROR:process_memory_win.cc(73)] ReadMemory at 0x7ffaeefe0000 of 64 bytes failed: Only part of a ReadProcessMemory or WriteProcessMemory request was completed. (0x12B)
[0711/171453.897:WARNING:pe_image_reader.cc(340)] could not read dos header from C:\Program Files (x86)\Google\Chrome\Application\83.0.4103.116\chrome_elf.dll
[0711/171453.897:ERROR:process_memory_win.cc(73)] ReadMemory at 0x7ffb16e10000 of 64 bytes failed: Only part of a ReadProcessMemory or WriteProcessMemory request was completed. (0x12B)
[0711/171453.897:WARNING:pe_image_reader.cc(340)] could not read dos header from C:\WINDOWS\SYSTEM32\VERSION.dll
[0711/171453.897:ERROR:process_memory_win.cc(73)] ReadMemory at 0x7ffb1f420000 of 64 bytes failed: Only part of a ReadProcessMemory or WriteProcessMemory request was completed. (0x12B)
[0711/171453.897:WARNING:pe_image_reader.cc(340)] could not read dos header from C:\WINDOWS\System32\msvcrt.dll
[0711/171453.897:ERROR:process_memory_win.cc(73)] ReadMemory at 0x7ffb1cd10000 of 64 bytes failed: Only part of a ReadProcessMemory or WriteProcessMemory request was completed. (0x12B)
[0711/171453.897:WARNING:pe_image_reader.cc(340)] could not read dos header from C:\WINDOWS\System32\bcryptPrimitives.dll
[0711/171453.897:ERROR:process_memory_win.cc(73)] ReadMemory at 0x7ffb1f5d0000 of 64 bytes failed: Only part of a ReadProcessMemory or WriteProcessMemory request was completed. (0x12B)
[0711/171453.897:WARNING:pe_image_reader.cc(340)] could not read dos header from C:\WINDOWS\System32\ADVAPI32.dll
[0711/171453.897:ERROR:process_memory_win.cc(73)] ReadMemory at 0x7ffb1f680000 of 64 bytes failed: Only part of a ReadProcessMemory or WriteProcessMemory request was completed. (0x12B)
[0711/171453.897:WARNING:pe_image_reader.cc(340)] could not read dos header from C:\WINDOWS\System32\sechost.dll
[0711/171453.897:ERROR:process_memory_win.cc(73)] ReadMemory at 0x7ffb1fc20000 of 64 bytes failed: Only part of a ReadProcessMemory or WriteProcessMemory request was completed. (0x12B)
[0711/171453.897:WARNING:pe_image_reader.cc(340)] could not read dos header from C:\WINDOWS\System32\RPCRT4.dll
[0711/171453.897:ERROR:process_memory_win.cc(73)] ReadMemory at 0x7ffac9870000 of 64 bytes failed: Only part of a ReadProcessMemory or WriteProcessMemory request was completed. (0x12B)
[0711/171453.897:WARNING:pe_image_reader.cc(340)] could not read dos header from C:\Program Files (x86)\Google\Chrome\Application\83.0.4103.116\chrome.dll
[0711/171453.897:ERROR:process_memory_win.cc(73)] ReadMemory at 0x7ffb1f980000 of 64 bytes failed: Only part of a ReadProcessMemory or WriteProcessMemory request was completed. (0x12B)
[0711/171453.897:WARNING:pe_image_reader.cc(340)] could not read dos header from C:\WINDOWS\System32\WS2_32.dll
[0711/171453.897:ERROR:process_memory_win.cc(73)] ReadMemory at 0x7ffb1f2f0000 of 64 bytes failed: Only part of a ReadProcessMemory or WriteProcessMemory request was completed. (0x12B)
[0711/171453.897:WARNING:pe_image_reader.cc(340)] could not read dos header from C:\WINDOWS\System32\OLEAUT32.dll
[0711/171453.897:ERROR:process_memory_win.cc(73)] ReadMemory at 0x7ffb1cee0000 of 64 bytes failed: Only part of a ReadProcessMemory or WriteProcessMemory request was completed. (0x12B)
[0711/171453.897:WARNING:pe_image_reader.cc(340)] could not read dos header from C:\WINDOWS\System32\msvcp_win.dll
[0711/171453.897:ERROR:process_memory_win.cc(73)] ReadMemory at 0x7ffb1d860000 of 64 bytes failed: Only part of a ReadProcessMemory or WriteProcessMemory request was completed. (0x12B)
[0711/171453.897:WARNING:pe_image_reader.cc(340)] could not read dos header from C:\WINDOWS\System32\ucrtbase.dll
[0711/171453.897:ERROR:process_memory_win.cc(73)] ReadMemory at 0x7ffb1ea20000 of 64 bytes failed: Only part of a ReadProcessMemory or WriteProcessMemory request was completed. (0x12B)
[0711/171453.897:WARNING:pe_image_reader.cc(340)] could not read dos header from C:\WINDOWS\System32\combase.dll
[0711/171453.897:ERROR:process_memory_win.cc(73)] ReadMemory at 0x7ffb1d080000 of 64 bytes failed: Only part of a ReadProcessMemory or WriteProcessMemory request was completed. (0x12B)
[0711/171453.897:WARNING:pe_image_reader.cc(340)] could not read dos header from C:\WINDOWS\System32\WINTRUST.dll
[0711/171453.897:ERROR:process_memory_win.cc(73)] ReadMemory at 0x7ffb1ccf0000 of 64 bytes failed: Only part of a ReadProcessMemory or WriteProcessMemory request was completed. (0x12B)
[0711/171453.897:WARNING:pe_image_reader.cc(340)] could not read dos header from C:\WINDOWS\System32\MSASN1.dll
[0711/171453.897:ERROR:process_memory_win.cc(73)] ReadMemory at 0x7ffb1cd90000 of 64 bytes failed: Only part of a ReadProcessMemory or WriteProcessMemory request was completed. (0x12B)
[0711/171453.897:WARNING:pe_image_reader.cc(340)] could not read dos header from C:\WINDOWS\System32\CRYPT32.dll
[0711/171453.897:ERROR:process_memory_win.cc(73)] ReadMemory at 0x7ffb1c160000 of 64 bytes failed: Only part of a ReadProcessMemory or WriteProcessMemory request was completed. (0x12B)
[0711/171453.897:WARNING:pe_image_reader.cc(340)] could not read dos header from C:\WINDOWS\SYSTEM32\IPHLPAPI.DLL
[0711/171453.897:ERROR:process_memory_win.cc(73)] ReadMemory at 0x7ffb1adc0000 of 64 bytes failed: Only part of a ReadProcessMemory or WriteProcessMemory request was completed. (0x12B)
[0711/171453.897:WARNING:pe_image_reader.cc(340)] could not read dos header from C:\WINDOWS\SYSTEM32\WINMM.dll
[0711/171453.897:ERROR:process_memory_win.cc(73)] ReadMemory at 0x7ffb04ef0000 of 64 bytes failed: Only part of a ReadProcessMemory or WriteProcessMemory request was completed. (0x12B)
[0711/171453.897:WARNING:pe_image_reader.cc(340)] could not read dos header from C:\WINDOWS\SYSTEM32\Secur32.dll
[0711/171453.897:ERROR:process_memory_win.cc(73)] ReadMemory at 0x7ffb1cb30000 of 64 bytes failed: Only part of a ReadProcessMemory or WriteProcessMemory request was completed. (0x12B)
[0711/171453.897:WARNING:pe_image_reader.cc(340)] could not read dos header from C:\WINDOWS\SYSTEM32\USERENV.dll
[0711/171453.897:ERROR:process_memory_win.cc(73)] ReadMemory at 0x7ffb1cc70000 of 64 bytes failed: Only part of a ReadProcessMemory or WriteProcessMemory request was completed. (0x12B)
[0711/171453.897:WARNING:pe_image_reader.cc(340)] could not read dos header from C:\WINDOWS\System32\profapi.dll
[0711/171453.897:ERROR:process_memory_win.cc(73)] ReadMemory at 0x7ffaf3e70000 of 64 bytes failed: Only part of a ReadProcessMemory or WriteProcessMemory request was completed. (0x12B)
[0711/171453.897:WARNING:pe_image_reader.cc(340)] could not read dos header from C:\WINDOWS\SYSTEM32\UIAutomationCore.DLL
[0711/171453.897:ERROR:process_memory_win.cc(73)] ReadMemory at 0x7ffafe680000 of 64 bytes failed: Only part of a ReadProcessMemory or WriteProcessMemory request was completed. (0x12B)
[0711/171453.897:WARNING:pe_image_reader.cc(340)] could not read dos header from C:\WINDOWS\SYSTEM32\DWrite.dll
[0711/171453.897:ERROR:process_memory_win.cc(73)] ReadMemory at 0x7ffb0de50000 of 64 bytes failed: Only part of a ReadProcessMemory or WriteProcessMemory request was completed. (0x12B)
[0711/171453.897:WARNING:pe_image_reader.cc(340)] could not read dos header from C:\WINDOWS\SYSTEM32\WINSPOOL.DRV
[0711/171453.897:ERROR:process_memory_win.cc(73)] ReadMemory at 0x7ffb1cc50000 of 64 bytes failed: Only part of a ReadProcessMemory or WriteProcessMemory request was completed. (0x12B)
[0711/171453.897:WARNING:pe_image_reader.cc(340)] could not read dos header from C:\WINDOWS\System32\kernel.appcore.dll
[0711/171453.897:ERROR:process_memory_win.cc(73)] ReadMemory at 0x7ffb1d030000 of 64 bytes failed: Only part of a ReadProcessMemory or WriteProcessMemory request was completed. (0x12B)
[0711/171453.897:WARNING:pe_image_reader.cc(340)] could not read dos header from C:\WINDOWS\System32\bcrypt.dll
[0711/171453.897:ERROR:process_memory_win.cc(73)] ReadMemory at 0x7ffb07020000 of 64 bytes failed: Only part of a ReadProcessMemory or WriteProcessMemory request was completed. (0x12B)
[0711/171453.897:WARNING:pe_image_reader.cc(340)] could not read dos header from C:\WINDOWS\SYSTEM32\dbghelp.dll
[0711/171453.897:ERROR:process_memory_win.cc(73)] ReadMemory at 0x7ffb17d90000 of 64 bytes failed: Only part of a ReadProcessMemory or WriteProcessMemory request was completed. (0x12B)
[0711/171453.897:WARNING:pe_image_reader.cc(340)] could not read dos header from C:\WINDOWS\SYSTEM32\WINHTTP.dll
[0711/171453.897:ERROR:process_memory_win.cc(73)] ReadMemory at 0x7ffb16740000 of 64 bytes failed: Only part of a ReadProcessMemory or WriteProcessMemory request was completed. (0x12B)
[0711/171453.897:WARNING:pe_image_reader.cc(340)] could not read dos header from C:\WINDOWS\SYSTEM32\dhcpcsvc.DLL
[0711/171453.897:ERROR:process_memory_win.cc(73)] ReadMemory at 0x7ffb1e520000 of 64 bytes failed: Only part of a ReadProcessMemory or WriteProcessMemory request was completed. (0x12B)
[0711/171453.897:WARNING:pe_image_reader.cc(340)] could not read dos header from C:\WINDOWS\System32\NSI.dll
[0711/171453.897:ERROR:process_memory_win.cc(73)] ReadMemory at 0x7ffb1ad90000 of 64 bytes failed: Only part of a ReadProcessMemory or WriteProcessMemory request was completed. (0x12B)
[0711/171453.897:WARNING:pe_image_reader.cc(340)] could not read dos header from C:\WINDOWS\SYSTEM32\WINMMBASE.dll
[0711/171453.897:ERROR:process_memory_win.cc(73)] ReadMemory at 0x7ffb1d990000 of 64 bytes failed: Only part of a ReadProcessMemory or WriteProcessMemory request was completed. (0x12B)
[0711/171453.897:WARNING:pe_image_reader.cc(340)] could not read dos header from C:\WINDOWS\System32\cfgmgr32.dll
[0711/171453.897:ERROR:process_memory_win.cc(73)] ReadMemory at 0x7ffb192a0000 of 64 bytes failed: Only part of a ReadProcessMemory or WriteProcessMemory request was completed. (0x12B)
[0711/171453.897:WARNING:pe_image_reader.cc(340)] could not read dos header from C:\WINDOWS\SYSTEM32\PROPSYS.dll
[0711/171453.897:ERROR:process_memory_win.cc(73)] ReadMemory at 0x7ffb1f720000 of 64 bytes failed: Only part of a ReadProcessMemory or WriteProcessMemory request was completed. (0x12B)
[0711/171453.897:WARNING:pe_image_reader.cc(340)] could not read dos header from C:\WINDOWS\System32\shcore.dll
[0711/171453.897:ERROR:process_memory_win.cc(73)] ReadMemory at 0x7ffb1cb60000 of 64 bytes failed: Only part of a ReadProcessMemory or WriteProcessMemory request was completed. (0x12B)
[0711/171453.897:WARNING:pe_image_reader.cc(340)] could not read dos header from C:\WINDOWS\SYSTEM32\SSPICLI.DLL
[0711/171453.897:ERROR:process_memory_win.cc(73)] ReadMemory at 0x7ffb1c620000 of 64 bytes failed: Only part of a ReadProcessMemory or WriteProcessMemory request was completed. (0x12B)
[0711/171453.897:WARNING:pe_image_reader.cc(340)] could not read dos header from C:\WINDOWS\SYSTEM32\CRYPTBASE.DLL
[0711/171453.897:ERROR:process_memory_win.cc(73)] ReadMemory at 0x7ff632630000 of 64 bytes failed: Only part of a ReadProcessMemory or WriteProcessMemory request was completed. (0x12B)
[0711/171453.897:WARNING:pe_image_reader.cc(340)] could not read dos header from C:\Program Files (x86)\Google\Chrome\Application\chrome.exe
[0711/171453.897:ERROR:process_memory_win.cc(73)] ReadMemory at 0x7ffb1fd80000 of 64 bytes failed: Only part of a ReadProcessMemory or WriteProcessMemory request was completed. (0x12B)
[0711/171453.897:WARNING:pe_image_reader.cc(340)] could not read dos header from C:\WINDOWS\SYSTEM32\ntdll.dll
[0711/171453.897:ERROR:process_memory_win.cc(73)] ReadMemory at 0x7ffb1f7d0000 of 64 bytes failed: Only part of a ReadProcessMemory or WriteProcessMemory request was completed. (0x12B)
[0711/171453.897:WARNING:pe_image_reader.cc(340)] could not read dos header from C:\WINDOWS\System32\KERNEL32.DLL
[0711/171453.897:ERROR:process_memory_win.cc(73)] ReadMemory at 0x7ffb1d9e0000 of 64 bytes failed: Only part of a ReadProcessMemory or WriteProcessMemory request was completed. (0x12B)
[0711/171453.897:WARNING:pe_image_reader.cc(340)] could not read dos header from C:\WINDOWS\System32\KERNELBASE.dll
[0711/171453.897:ERROR:process_memory_win.cc(73)] ReadMemory at 0x7ffaeefe0000 of 64 bytes failed: Only part of a ReadProcessMemory or WriteProcessMemory request was completed. (0x12B)
[0711/171453.897:WARNING:pe_image_reader.cc(340)] could not read dos header from C:\Program Files (x86)\Google\Chrome\Application\83.0.4103.116\chrome_elf.dll
[0711/171453.897:ERROR:process_memory_win.cc(73)] ReadMemory at 0x7ffb16e10000 of 64 bytes failed: Only part of a ReadProcessMemory or WriteProcessMemory request was completed. (0x12B)
[0711/171453.897:WARNING:pe_image_reader.cc(340)] could not read dos header from C:\WINDOWS\SYSTEM32\VERSION.dll
[0711/171453.897:ERROR:process_memory_win.cc(73)] ReadMemory at 0x7ffb1f420000 of 64 bytes failed: Only part of a ReadProcessMemory or WriteProcessMemory request was completed. (0x12B)
[0711/171453.897:WARNING:pe_image_reader.cc(340)] could not read dos header from C:\WINDOWS\System32\msvcrt.dll
[0711/171453.897:ERROR:process_memory_win.cc(73)] ReadMemory at 0x7ffb1cd10000 of 64 bytes failed: Only part of a ReadProcessMemory or WriteProcessMemory request was completed. (0x12B)
[0711/171453.897:WARNING:pe_image_reader.cc(340)] could not read dos header from C:\WINDOWS\System32\bcryptPrimitives.dll
[0711/171453.897:ERROR:process_memory_win.cc(73)] ReadMemory at 0x7ffb1f5d0000 of 64 bytes failed: Only part of a ReadProcessMemory or WriteProcessMemory request was completed. (0x12B)
[0711/171453.897:WARNING:pe_image_reader.cc(340)] could not read dos header from C:\WINDOWS\System32\ADVAPI32.dll
[0711/171453.897:ERROR:process_memory_win.cc(73)] ReadMemory at 0x7ffb1f680000 of 64 bytes failed: Only part of a ReadProcessMemory or WriteProcessMemory request was completed. (0x12B)
[0711/171453.897:WARNING:pe_image_reader.cc(340)] could not read dos header from C:\WINDOWS\System32\sechost.dll
[0711/171453.897:ERROR:process_memory_win.cc(73)] ReadMemory at 0x7ffb1fc20000 of 64 bytes failed: Only part of a ReadProcessMemory or WriteProcessMemory request was completed. (0x12B)
[0711/171453.897:WARNING:pe_image_reader.cc(340)] could not read dos header from C:\WINDOWS\System32\RPCRT4.dll
[0711/171453.897:ERROR:process_memory_win.cc(73)] ReadMemory at 0x7ffac9870000 of 64 bytes failed: Only part of a ReadProcessMemory or WriteProcessMemory request was completed. (0x12B)
[0711/171453.897:WARNING:pe_image_reader.cc(340)] could not read dos header from C:\Program Files (x86)\Google\Chrome\Application\83.0.4103.116\chrome.dll
[0711/171453.897:ERROR:process_memory_win.cc(73)] ReadMemory at 0x7ffb1f980000 of 64 bytes failed: Only part of a ReadProcessMemory or WriteProcessMemory request was completed. (0x12B)
[0711/171453.897:WARNING:pe_image_reader.cc(340)] could not read dos header from C:\WINDOWS\System32\WS2_32.dll
[0711/171453.897:ERROR:process_memory_win.cc(73)] ReadMemory at 0x7ffb1f2f0000 of 64 bytes failed: Only part of a ReadProcessMemory or WriteProcessMemory request was completed. (0x12B)
[0711/171453.897:WARNING:pe_image_reader.cc(340)] could not read dos header from C:\WINDOWS\System32\OLEAUT32.dll
[0711/171453.897:ERROR:process_memory_win.cc(73)] ReadMemory at 0x7ffb1cee0000 of 64 bytes failed: Only part of a ReadProcessMemory or WriteProcessMemory request was completed. (0x12B)
[0711/171453.897:WARNING:pe_image_reader.cc(340)] could not read dos header from C:\WINDOWS\System32\msvcp_win.dll
[0711/171453.897:ERROR:process_memory_win.cc(73)] ReadMemory at 0x7ffb1d860000 of 64 bytes failed: Only part of a ReadProcessMemory or WriteProcessMemory request was completed. (0x12B)
[0711/171453.897:WARNING:pe_image_reader.cc(340)] could not read dos header from C:\WINDOWS\System32\ucrtbase.dll
[0711/171453.897:ERROR:process_memory_win.cc(73)] ReadMemory at 0x7ffb1ea20000 of 64 bytes failed: Only part of a ReadProcessMemory or WriteProcessMemory request was completed. (0x12B)
[0711/171453.897:WARNING:pe_image_reader.cc(340)] could not read dos header from C:\WINDOWS\System32\combase.dll
[0711/171453.897:ERROR:process_memory_win.cc(73)] ReadMemory at 0x7ffb1d080000 of 64 bytes failed: Only part of a ReadProcessMemory or WriteProcessMemory request was completed. (0x12B)
[0711/171453.897:WARNING:pe_image_reader.cc(340)] could not read dos header from C:\WINDOWS\System32\WINTRUST.dll
[0711/171453.897:ERROR:process_memory_win.cc(73)] ReadMemory at 0x7ffb1ccf0000 of 64 bytes failed: Only part of a ReadProcessMemory or WriteProcessMemory request was completed. (0x12B)
[0711/171453.897:WARNING:pe_image_reader.cc(340)] could not read dos header from C:\WINDOWS\System32\MSASN1.dll
[0711/171453.897:ERROR:process_memory_win.cc(73)] ReadMemory at 0x7ffb1cd90000 of 64 bytes failed: Only part of a ReadProcessMemory or WriteProcessMemory request was completed. (0x12B)
[0711/171453.897:WARNING:pe_image_reader.cc(340)] could not read dos header from C:\WINDOWS\System32\CRYPT32.dll
[0711/171453.897:ERROR:process_memory_win.cc(73)] ReadMemory at 0x7ffb1c160000 of 64 bytes failed: Only part of a ReadProcessMemory or WriteProcessMemory request was completed. (0x12B)
[0711/171453.897:WARNING:pe_image_reader.cc(340)] could not read dos header from C:\WINDOWS\SYSTEM32\IPHLPAPI.DLL
[0711/171453.897:ERROR:process_memory_win.cc(73)] ReadMemory at 0x7ffb1adc0000 of 64 bytes failed: Only part of a ReadProcessMemory or WriteProcessMemory request was completed. (0x12B)
[0711/171453.897:WARNING:pe_image_reader.cc(340)] could not read dos header from C:\WINDOWS\SYSTEM32\WINMM.dll
[0711/171453.897:ERROR:process_memory_win.cc(73)] ReadMemory at 0x7ffb04ef0000 of 64 bytes failed: Only part of a ReadProcessMemory or WriteProcessMemory request was completed. (0x12B)
[0711/171453.897:WARNING:pe_image_reader.cc(340)] could not read dos header from C:\WINDOWS\SYSTEM32\Secur32.dll
[0711/171453.897:ERROR:process_memory_win.cc(73)] ReadMemory at 0x7ffb1cb30000 of 64 bytes failed: Only part of a ReadProcessMemory or WriteProcessMemory request was completed. (0x12B)
[0711/171453.897:WARNING:pe_image_reader.cc(340)] could not read dos header from C:\WINDOWS\SYSTEM32\USERENV.dll
[0711/171453.897:ERROR:process_memory_win.cc(73)] ReadMemory at 0x7ffb1cc70000 of 64 bytes failed: Only part of a ReadProcessMemory or WriteProcessMemory request was completed. (0x12B)
[0711/171453.897:WARNING:pe_image_reader.cc(340)] could not read dos header from C:\WINDOWS\System32\profapi.dll
[0711/171453.897:ERROR:process_memory_win.cc(73)] ReadMemory at 0x7ffaf3e70000 of 64 bytes failed: Only part of a ReadProcessMemory or WriteProcessMemory request was completed. (0x12B)
[0711/171453.897:WARNING:pe_image_reader.cc(340)] could not read dos header from C:\WINDOWS\SYSTEM32\UIAutomationCore.DLL
[0711/171453.897:ERROR:process_memory_win.cc(73)] ReadMemory at 0x7ffafe680000 of 64 bytes failed: Only part of a ReadProcessMemory or WriteProcessMemory request was completed. (0x12B)
[0711/171453.897:WARNING:pe_image_reader.cc(340)] could not read dos header from C:\WINDOWS\SYSTEM32\DWrite.dll
[0711/171453.897:ERROR:process_memory_win.cc(73)] ReadMemory at 0x7ffb0de50000 of 64 bytes failed: Only part of a ReadProcessMemory or WriteProcessMemory request was completed. (0x12B)
[0711/171453.897:WARNING:pe_image_reader.cc(340)] could not read dos header from C:\WINDOWS\SYSTEM32\WINSPOOL.DRV
[0711/171453.897:ERROR:process_memory_win.cc(73)] ReadMemory at 0x7ffb1cc50000 of 64 bytes failed: Only part of a ReadProcessMemory or WriteProcessMemory request was completed. (0x12B)
[0711/171453.897:WARNING:pe_image_reader.cc(340)] could not read dos header from C:\WINDOWS\System32\kernel.appcore.dll
[0711/171453.897:ERROR:process_memory_win.cc(73)] ReadMemory at 0x7ffb1d030000 of 64 bytes failed: Only part of a ReadProcessMemory or WriteProcessMemory request was completed. (0x12B)
[0711/171453.897:WARNING:pe_image_reader.cc(340)] could not read dos header from C:\WINDOWS\System32\bcrypt.dll
[0711/171453.897:ERROR:process_memory_win.cc(73)] ReadMemory at 0x7ffb07020000 of 64 bytes failed: Only part of a ReadProcessMemory or WriteProcessMemory request was completed. (0x12B)
[0711/171453.897:WARNING:pe_image_reader.cc(340)] could not read dos header from C:\WINDOWS\SYSTEM32\dbghelp.dll
[0711/171453.897:ERROR:process_memory_win.cc(73)] ReadMemory at 0x7ffb17d90000 of 64 bytes failed: Only part of a ReadProcessMemory or WriteProcessMemory request was completed. (0x12B)
[0711/171453.897:WARNING:pe_image_reader.cc(340)] could not read dos header from C:\WINDOWS\SYSTEM32\WINHTTP.dll
[0711/171453.897:ERROR:process_memory_win.cc(73)] ReadMemory at 0x7ffb16740000 of 64 bytes failed: Only part of a ReadProcessMemory or WriteProcessMemory request was completed. (0x12B)
[0711/171453.897:WARNING:pe_image_reader.cc(340)] could not read dos header from C:\WINDOWS\SYSTEM32\dhcpcsvc.DLL
[0711/171453.897:ERROR:process_memory_win.cc(73)] ReadMemory at 0x7ffb1e520000 of 64 bytes failed: Only part of a ReadProcessMemory or WriteProcessMemory request was completed. (0x12B)
[0711/171453.897:WARNING:pe_image_reader.cc(340)] could not read dos header from C:\WINDOWS\System32\NSI.dll
[0711/171453.897:ERROR:process_memory_win.cc(73)] ReadMemory at 0x7ffb1ad90000 of 64 bytes failed: Only part of a ReadProcessMemory or WriteProcessMemory request was completed. (0x12B)
[0711/171453.897:WARNING:pe_image_reader.cc(340)] could not read dos header from C:\WINDOWS\SYSTEM32\WINMMBASE.dll
[0711/171453.897:ERROR:process_memory_win.cc(73)] ReadMemory at 0x7ffb1d990000 of 64 bytes failed: Only part of a ReadProcessMemory or WriteProcessMemory request was completed. (0x12B)
[0711/171453.897:WARNING:pe_image_reader.cc(340)] could not read dos header from C:\WINDOWS\System32\cfgmgr32.dll
[0711/171453.897:ERROR:process_memory_win.cc(73)] ReadMemory at 0x7ffb192a0000 of 64 bytes failed: Only part of a ReadProcessMemory or WriteProcessMemory request was completed. (0x12B)
[0711/171453.897:WARNING:pe_image_reader.cc(340)] could not read dos header from C:\WINDOWS\SYSTEM32\PROPSYS.dll
[0711/171453.897:ERROR:process_memory_win.cc(73)] ReadMemory at 0x7ffb1f720000 of 64 bytes failed: Only part of a ReadProcessMemory or WriteProcessMemory request was completed. (0x12B)
[0711/171453.897:WARNING:pe_image_reader.cc(340)] could not read dos header from C:\WINDOWS\System32\shcore.dll
[0711/171453.897:ERROR:process_memory_win.cc(73)] ReadMemory at 0x7ffb1cb60000 of 64 bytes failed: Only part of a ReadProcessMemory or WriteProcessMemory request was completed. (0x12B)
[0711/171453.897:WARNING:pe_image_reader.cc(340)] could not read dos header from C:\WINDOWS\SYSTEM32\SSPICLI.DLL
[0711/171453.897:ERROR:process_memory_win.cc(73)] ReadMemory at 0x7ffb1c620000 of 64 bytes failed: Only part of a ReadProcessMemory or WriteProcessMemory request was completed. (0x12B)
[0711/171453.897:WARNING:pe_image_reader.cc(340)] could not read dos header from C:\WINDOWS\SYSTEM32\CRYPTBASE.DLL
[0711/171453.912:ERROR:process_memory_win.cc(73)] ReadMemory at 0xe491ef000 of 69632 bytes failed: Only part of a ReadProcessMemory or WriteProcessMemory request was completed. (0x12B)
[0711/171453.912:ERROR:process_memory_win.cc(73)] ReadMemory at 0xe499fd000 of 12288 bytes failed: Only part of a ReadProcessMemory or WriteProcessMemory request was completed. (0x12B)
[0711/171453.912:ERROR:process_memory_win.cc(73)] ReadMemory at 0xe4a1f6000 of 40960 bytes failed: Only part of a ReadProcessMemory or WriteProcessMemory request was completed. (0x12B)
[0711/171453.912:ERROR:process_memory_win.cc(73)] ReadMemory at 0xe4a9fd000 of 12288 bytes failed: Only part of a ReadProcessMemory or WriteProcessMemory request was completed. (0x12B)
[0711/171453.912:ERROR:process_memory_win.cc(73)] ReadMemory at 0xe4b1fc000 of 16384 bytes failed: Only part of a ReadProcessMemory or WriteProcessMemory request was completed. (0x12B)
[0711/171453.912:ERROR:process_memory_win.cc(73)] ReadMemory at 0xe4b9fe000 of 8192 bytes failed: Only part of a ReadProcessMemory or WriteProcessMemory request was completed. (0x12B)
[0711/171453.912:ERROR:process_memory_win.cc(73)] ReadMemory at 0xe4c1fd000 of 12288 bytes failed: Only part of a ReadProcessMemory or WriteProcessMemory request was completed. (0x12B)
[0711/171453.912:ERROR:process_memory_win.cc(73)] ReadMemory at 0xe4c9fb000 of 20480 bytes failed: Only part of a ReadProcessMemory or WriteProcessMemory request was completed. (0x12B)
[0711/171453.912:ERROR:process_memory_win.cc(73)] ReadMemory at 0xe4d9fd000 of 12288 bytes failed: Only part of a ReadProcessMemory or WriteProcessMemory request was completed. (0x12B)
[0711/171453.912:ERROR:process_memory_win.cc(73)] ReadMemory at 0xe4e1fd000 of 12288 bytes failed: Only part of a ReadProcessMemory or WriteProcessMemory request was completed. (0x12B)
[0711/171453.912:ERROR:process_memory_win.cc(73)] ReadMemory at 0xe4e9fd000 of 12288 bytes failed: Only part of a ReadProcessMemory or WriteProcessMemory request was completed. (0x12B)
[0711/171453.912:ERROR:process_memory_win.cc(73)] ReadMemory at 0xe4f1fd000 of 12288 bytes failed: Only part of a ReadProcessMemory or WriteProcessMemory request was completed. (0x12B)
[0711/171453.912:ERROR:process_memory_win.cc(73)] ReadMemory at 0xe4d1f6000 of 40960 bytes failed: Only part of a ReadProcessMemory or WriteProcessMemory request was completed. (0x12B)
[0711/171453.927:ERROR:process_memory_win.cc(73)] ReadMemory at 0xe4f9fc000 of 16384 bytes failed: Only part of a ReadProcessMemory or WriteProcessMemory request was completed. (0x12B)
[0711/171453.927:ERROR:process_memory_win.cc(73)] ReadMemory at 0xe501fe000 of 8192 bytes failed: Only part of a ReadProcessMemory or WriteProcessMemory request was completed. (0x12B)
[0711/171453.927:ERROR:process_memory_win.cc(73)] ReadMemory at 0xe488c9000 of 852 bytes failed: Only part of a ReadProcessMemory or WriteProcessMemory request was completed. (0x12B)
[0711/171453.927:ERROR:process_memory_win.cc(73)] ReadMemory at 0xe488ca000 of 6024 bytes failed: Only part of a ReadProcessMemory or WriteProcessMemory request was completed. (0x12B)
[0711/171453.927:ERROR:process_memory_win.cc(73)] ReadMemory at 0xe488cc000 of 6024 bytes failed: Only part of a ReadProcessMemory or WriteProcessMemory request was completed. (0x12B)
[0711/171453.927:ERROR:process_memory_win.cc(73)] ReadMemory at 0xe488ce000 of 6024 bytes failed: Only part of a ReadProcessMemory or WriteProcessMemory request was completed. (0x12B)
[0711/171453.927:ERROR:process_memory_win.cc(73)] ReadMemory at 0xe488d0000 of 6024 bytes failed: Only part of a ReadProcessMemory or WriteProcessMemory request was completed. (0x12B)
[0711/171453.927:ERROR:process_memory_win.cc(73)] ReadMemory at 0xe488d2000 of 6024 bytes failed: Only part of a ReadProcessMemory or WriteProcessMemory request was completed. (0x12B)
[0711/171453.927:ERROR:process_memory_win.cc(73)] ReadMemory at 0xe488d4000 of 6024 bytes failed: Only part of a ReadProcessMemory or WriteProcessMemory request was completed. (0x12B)
[0711/171453.927:ERROR:process_memory_win.cc(73)] ReadMemory at 0xe488d6000 of 6024 bytes failed: Only part of a ReadProcessMemory or WriteProcessMemory request was completed. (0x12B)
[0711/171453.927:ERROR:process_memory_win.cc(73)] ReadMemory at 0xe488d8000 of 6024 bytes failed: Only part of a ReadProcessMemory or WriteProcessMemory request was completed. (0x12B)
[0711/171453.927:ERROR:process_memory_win.cc(73)] ReadMemory at 0xe488dc000 of 6024 bytes failed: Only part of a ReadProcessMemory or WriteProcessMemory request was completed. (0x12B)
[0711/171453.927:ERROR:process_memory_win.cc(73)] ReadMemory at 0xe488de000 of 6024 bytes failed: Only part of a ReadProcessMemory or WriteProcessMemory request was completed. (0x12B)
[0711/171453.927:ERROR:process_memory_win.cc(73)] ReadMemory at 0xe488e0000 of 6024 bytes failed: Only part of a ReadProcessMemory or WriteProcessMemory request was completed. (0x12B)
[0711/171453.927:ERROR:process_memory_win.cc(73)] ReadMemory at 0xe488e2000 of 6024 bytes failed: Only part of a ReadProcessMemory or WriteProcessMemory request was completed. (0x12B)
[0711/171453.927:ERROR:process_memory_win.cc(73)] ReadMemory at 0xe488e4000 of 6024 bytes failed: Only part of a ReadProcessMemory or WriteProcessMemory request was completed. (0x12B)
[0711/171453.927:ERROR:process_memory_win.cc(73)] ReadMemory at 0xe488e6000 of 6024 bytes failed: Only part of a ReadProcessMemory or WriteProcessMemory request was completed. (0x12B)
[0711/171453.927:ERROR:process_memory_win.cc(73)] ReadMemory at 0xe488e8000 of 6024 bytes failed: Only part of a ReadProcessMemory or WriteProcessMemory request was completed. (0x12B)
[0711/171453.927:ERROR:process_memory_win.cc(73)] ReadMemory at 0x1a428700fe0 of 17296 bytes failed: Only part of a ReadProcessMemory or WriteProcessMemory request was completed. (0x12B)
[0711/171453.927:ERROR:process_memory_win.cc(73)] ReadMemory at 0x1a428705380 of 1012 bytes failed: Only part of a ReadProcessMemory or WriteProcessMemory request was completed. (0x12B)
[0711/171453.927:ERROR:process_memory_win.cc(73)] ReadMemory at 0x1a4287059c8 of 118 bytes failed: Only part of a ReadProcessMemory or WriteProcessMemory request was completed. (0x12B)
[0711/171453.927:ERROR:process_memory_win.cc(73)] ReadMemory at 0x1a428705a40 of 750 bytes failed: Only part of a ReadProcessMemory or WriteProcessMemory request was completed. (0x12B)
[0711/171453.927:ERROR:process_memory_win.cc(73)] ReadMemory at 0x1a428705d30 of 118 bytes failed: Only part of a ReadProcessMemory or WriteProcessMemory request was completed. (0x12B)
[0711/171453.927:ERROR:process_memory_win.cc(73)] ReadMemory at 0x1a428705da8 of 102 bytes failed: Only part of a ReadProcessMemory or WriteProcessMemory request was completed. (0x12B)
[0711/171453.927:ERROR:process_memory_win.cc(73)] ReadMemory at 0x1a428705e20 of 58 bytes failed: Only part of a ReadProcessMemory or WriteProcessMemory request was completed. (0x12B)
[0711/171453.927:ERROR:process_memory_win.cc(73)] ReadMemory at 0x1a428705f20 of 132 bytes failed: Only part of a ReadProcessMemory or WriteProcessMemory request was completed. (0x12B)
[0711/171453.927:ERROR:process_memory_win.cc(73)] ReadMemory at 0x1a4287060b0 of 132 bytes failed: Only part of a ReadProcessMemory or WriteProcessMemory request was completed. (0x12B)
[0711/171453.927:ERROR:process_memory_win.cc(73)] ReadMemory at 0x1a428706270 of 126 bytes failed: Only part of a ReadProcessMemory or WriteProcessMemory request was completed. (0x12B)
[0711/171453.927:ERROR:process_memory_win.cc(73)] ReadMemory at 0x1a428706650 of 132 bytes failed: Only part of a ReadProcessMemory or WriteProcessMemory request was completed. (0x12B)
[0711/171453.927:ERROR:process_memory_win.cc(73)] ReadMemory at 0x1a4287067e0 of 64 bytes failed: Only part of a ReadProcessMemory or WriteProcessMemory request was completed. (0x12B)
[0711/171453.927:ERROR:process_memory_win.cc(73)] ReadMemory at 0x1a428706830 of 132 bytes failed: Only part of a ReadProcessMemory or WriteProcessMemory request was completed. (0x12B)
[0711/171453.927:ERROR:process_memory_win.cc(73)] ReadMemory at 0x1a428706960 of 146 bytes failed: Only part of a ReadProcessMemory or WriteProcessMemory request was completed. (0x12B)
[0711/171453.927:ERROR:process_memory_win.cc(73)] ReadMemory at 0x1a428706a40 of 154 bytes failed: Only part of a ReadProcessMemory or WriteProcessMemory request was completed. (0x12B)
[0711/171453.927:ERROR:process_memory_win.cc(73)] ReadMemory at 0x1a428706c40 of 132 bytes failed: Only part of a ReadProcessMemory or WriteProcessMemory request was completed. (0x12B)
[0711/171453.927:ERROR:process_memory_win.cc(73)] ReadMemory at 0x1a428706dd0 of 68 bytes failed: Only part of a ReadProcessMemory or WriteProcessMemory request was completed. (0x12B)
[0711/171453.927:ERROR:process_memory_win.cc(73)] ReadMemory at 0x1a428707db0 of 132 bytes failed: Only part of a ReadProcessMemory or WriteProcessMemory request was completed. (0x12B)
[0711/171453.927:ERROR:process_memory_win.cc(73)] ReadMemory at 0x1a428707fb0 of 132 bytes failed: Only part of a ReadProcessMemory or WriteProcessMemory request was completed. (0x12B)
[0711/171453.927:ERROR:process_memory_win.cc(73)] ReadMemory at 0x1a428708ef0 of 132 bytes failed: Only part of a ReadProcessMemory or WriteProcessMemory request was completed. (0x12B)
[0711/171453.927:ERROR:process_memory_win.cc(73)] ReadMemory at 0x1a428709080 of 60 bytes failed: Only part of a ReadProcessMemory or WriteProcessMemory request was completed. (0x12B)
[0711/171453.927:ERROR:process_memory_win.cc(73)] ReadMemory at 0x1a428709420 of 132 bytes failed: Only part of a ReadProcessMemory or WriteProcessMemory request was completed. (0x12B)
[0711/171453.927:ERROR:process_memory_win.cc(73)] ReadMemory at 0x1a428709f50 of 62 bytes failed: Only part of a ReadProcessMemory or WriteProcessMemory request was completed. (0x12B)
[0711/171453.927:ERROR:process_memory_win.cc(73)] ReadMemory at 0x1a42870da80 of 132 bytes failed: Only part of a ReadProcessMemory or WriteProcessMemory request was completed. (0x12B)
[0711/171453.927:ERROR:process_memory_win.cc(73)] ReadMemory at 0x1a42870dde0 of 132 bytes failed: Only part of a ReadProcessMemory or WriteProcessMemory request was completed. (0x12B)
[0711/171453.927:ERROR:process_memory_win.cc(73)] ReadMemory at 0x1a42870dff0 of 132 bytes failed: Only part of a ReadProcessMemory or WriteProcessMemory request was completed. (0x12B)
[0711/171453.927:ERROR:process_memory_win.cc(73)] ReadMemory at 0x1a42870e2f0 of 132 bytes failed: Only part of a ReadProcessMemory or WriteProcessMemory request was completed. (0x12B)
[0711/171453.927:ERROR:process_memory_win.cc(73)] ReadMemory at 0x1a42870e480 of 80 bytes failed: Only part of a ReadProcessMemory or WriteProcessMemory request was completed. (0x12B)
[0711/171453.927:ERROR:process_memory_win.cc(73)] ReadMemory at 0x1a42870e640 of 60 bytes failed: Only part of a ReadProcessMemory or WriteProcessMemory request was completed. (0x12B)
[0711/171453.927:ERROR:process_memory_win.cc(73)] ReadMemory at 0x1a42870e7d0 of 62 bytes failed: Only part of a ReadProcessMemory or WriteProcessMemory request was completed. (0x12B)
[0711/171453.927:ERROR:process_memory_win.cc(73)] ReadMemory at 0x1a42870e820 of 64 bytes failed: Only part of a ReadProcessMemory or WriteProcessMemory request was completed. (0x12B)
[0711/171453.927:ERROR:process_memory_win.cc(73)] ReadMemory at 0x1a42870e870 of 66 bytes failed: Only part of a ReadProcessMemory or WriteProcessMemory request was completed. (0x12B)
[0711/171453.927:ERROR:process_memory_win.cc(73)] ReadMemory at 0x1a42870ea00 of 64 bytes failed: Only part of a ReadProcessMemory or WriteProcessMemory request was completed. (0x12B)
[0711/171453.927:ERROR:process_memory_win.cc(73)] ReadMemory at 0x1a42870eb40 of 60 bytes failed: Only part of a ReadProcessMemory or WriteProcessMemory request was completed. (0x12B)
[0711/171453.927:ERROR:process_memory_win.cc(73)] ReadMemory at 0x1a42870eb90 of 62 bytes failed: Only part of a ReadProcessMemory or WriteProcessMemory request was completed. (0x12B)
[0711/171453.927:ERROR:process_memory_win.cc(73)] ReadMemory at 0x1a42870ebe0 of 64 bytes failed: Only part of a ReadProcessMemory or WriteProcessMemory request was completed. (0x12B)
[0711/171453.927:ERROR:process_memory_win.cc(73)] ReadMemory at 0x1a42870ecd0 of 64 bytes failed: Only part of a ReadProcessMemory or WriteProcessMemory request was completed. (0x12B)
[0711/171453.927:ERROR:process_memory_win.cc(73)] ReadMemory at 0x1a42870eea0 of 64 bytes failed: Only part of a ReadProcessMemory or WriteProcessMemory request was completed. (0x12B)
[0711/171453.927:ERROR:process_memory_win.cc(73)] ReadMemory at 0x1a42870f030 of 62 bytes failed: Only part of a ReadProcessMemory or WriteProcessMemory request was completed. (0x12B)
[0711/171453.927:ERROR:process_memory_win.cc(73)] ReadMemory at 0x1a42870f080 of 66 bytes failed: Only part of a ReadProcessMemory or WriteProcessMemory request was completed. (0x12B)
[0711/171453.927:ERROR:process_memory_win.cc(73)] ReadMemory at 0x1a42870f0d0 of 62 bytes failed: Only part of a ReadProcessMemory or WriteProcessMemory request was completed. (0x12B)
[0711/171453.927:ERROR:process_memory_win.cc(73)] ReadMemory at 0x1a42870f1c0 of 60 bytes failed: Only part of a ReadProcessMemory or WriteProcessMemory request was completed. (0x12B)
[0711/171453.927:ERROR:process_memory_win.cc(73)] ReadMemory at 0x1a42870f210 of 58 bytes failed: Only part of a ReadProcessMemory or WriteProcessMemory request was completed. (0x12B)
[0711/171453.927:ERROR:process_memory_win.cc(73)] ReadMemory at 0x1a42870f2b0 of 62 bytes failed: Only part of a ReadProcessMemory or WriteProcessMemory request was completed. (0x12B)
[0711/171453.927:ERROR:process_memory_win.cc(73)] ReadMemory at 0x1a42870f4e0 of 60 bytes failed: Only part of a ReadProcessMemory or WriteProcessMemory request was completed. (0x12B)
[0711/171453.927:ERROR:process_memory_win.cc(73)] ReadMemory at 0x1a42870f580 of 62 bytes failed: Only part of a ReadProcessMemory or WriteProcessMemory request was completed. (0x12B)
[0711/171453.927:ERROR:process_memory_win.cc(73)] ReadMemory at 0x1a42870f670 of 62 bytes failed: Only part of a ReadProcessMemory or WriteProcessMemory request was completed. (0x12B)
[0711/171453.927:ERROR:process_memory_win.cc(73)] ReadMemory at 0x1a42870f800 of 64 bytes failed: Only part of a ReadProcessMemory or WriteProcessMemory request was completed. (0x12B)
[0711/171453.927:ERROR:process_memory_win.cc(73)] ReadMemory at 0x1a42870f940 of 60 bytes failed: Only part of a ReadProcessMemory or WriteProcessMemory request was completed. (0x12B)
[0711/171453.927:ERROR:process_memory_win.cc(73)] ReadMemory at 0x1a42870f9e0 of 62 bytes failed: Only part of a ReadProcessMemory or WriteProcessMemory request was completed. (0x12B)
[0711/171453.927:ERROR:process_memory_win.cc(73)] ReadMemory at 0x1a42870fa30 of 62 bytes failed: Only part of a ReadProcessMemory or WriteProcessMemory request was completed. (0x12B)
[0711/171453.927:ERROR:process_memory_win.cc(73)] ReadMemory at 0x1a42870fa80 of 64 bytes failed: Only part of a ReadProcessMemory or WriteProcessMemory request was completed. (0x12B)
[0711/171453.927:ERROR:process_memory_win.cc(73)] ReadMemory at 0x1a42870fad0 of 62 bytes failed: Only part of a ReadProcessMemory or WriteProcessMemory request was completed. (0x12B)
[0711/171453.927:ERROR:process_memory_win.cc(73)] ReadMemory at 0x1a42870fb20 of 64 bytes failed: Only part of a ReadProcessMemory or WriteProcessMemory request was completed. (0x12B)
[0711/171453.927:ERROR:process_memory_win.cc(73)] ReadMemory at 0x1a42870fc10 of 60 bytes failed: Only part of a ReadProcessMemory or WriteProcessMemory request was completed. (0x12B)
[0711/171453.927:ERROR:process_memory_win.cc(73)] ReadMemory at 0x1a428713480 of 54 bytes failed: Only part of a ReadProcessMemory or WriteProcessMemory request was completed. (0x12B)
[0711/171453.927:ERROR:process_memory_win.cc(73)] ReadMemory at 0x1a4287145e0 of 132 bytes failed: Only part of a ReadProcessMemory or WriteProcessMemory request was completed. (0x12B)
[0711/171453.927:ERROR:process_memory_win.cc(73)] ReadMemory at 0x1a428714710 of 132 bytes failed: Only part of a ReadProcessMemory or WriteProcessMemory request was completed. (0x12B)
[0711/171453.927:ERROR:process_memory_win.cc(73)] ReadMemory at 0x1a428715390 of 132 bytes failed: Only part of a ReadProcessMemory or WriteProcessMemory request was completed. (0x12B)
[0711/171453.927:ERROR:process_memory_win.cc(73)] ReadMemory at 0x1a428716a80 of 132 bytes failed: Only part of a ReadProcessMemory or WriteProcessMemory request was completed. (0x12B)
[0711/171453.927:ERROR:process_memory_win.cc(73)] ReadMemory at 0x1a428716ce0 of 132 bytes failed: Only part of a ReadProcessMemory or WriteProcessMemory request was completed. (0x12B)
[0711/171453.927:ERROR:process_memory_win.cc(73)] ReadMemory at 0x1a428716e10 of 132 bytes failed: Only part of a ReadProcessMemory or WriteProcessMemory request was completed. (0x12B)
[0711/171453.927:ERROR:process_memory_win.cc(73)] ReadMemory at 0x1a428716f40 of 132 bytes failed: Only part of a ReadProcessMemory or WriteProcessMemory request was completed. (0x12B)
[0711/171453.927:ERROR:process_memory_win.cc(73)] ReadMemory at 0x1a428717070 of 132 bytes failed: Only part of a ReadProcessMemory or WriteProcessMemory request was completed. (0x12B)
[0711/171453.927:ERROR:process_memory_win.cc(73)] ReadMemory at 0x1a4287171a0 of 132 bytes failed: Only part of a ReadProcessMemory or WriteProcessMemory request was completed. (0x12B)
[0711/171453.927:ERROR:process_memory_win.cc(73)] ReadMemory at 0x1a4287172d0 of 132 bytes failed: Only part of a ReadProcessMemory or WriteProcessMemory request was completed. (0x12B)
[0711/171453.927:ERROR:process_memory_win.cc(73)] ReadMemory at 0x1a428717400 of 132 bytes failed: Only part of a ReadProcessMemory or WriteProcessMemory request was completed. (0x12B)
[0711/171453.927:ERROR:process_memory_win.cc(73)] ReadMemory at 0x1a428717530 of 132 bytes failed: Only part of a ReadProcessMemory or WriteProcessMemory request was completed. (0x12B)
[0711/171453.927:ERROR:process_memory_win.cc(73)] ReadMemory at 0x1a428717660 of 132 bytes failed: Only part of a ReadProcessMemory or WriteProcessMemory request was completed. (0x12B)
[0711/171453.927:ERROR:process_memory_win.cc(73)] ReadMemory at 0x1a428717790 of 132 bytes failed: Only part of a ReadProcessMemory or WriteProcessMemory request was completed. (0x12B)
[0711/171453.927:ERROR:process_memory_win.cc(73)] ReadMemory at 0x1a4287178c0 of 132 bytes failed: Only part of a ReadProcessMemory or WriteProcessMemory request was completed. (0x12B)
[0711/171453.927:ERROR:process_memory_win.cc(73)] ReadMemory at 0x1a428718e10 of 132 bytes failed: Only part of a ReadProcessMemory or WriteProcessMemory request was completed. (0x12B)
[0711/171453.927:ERROR:process_memory_win.cc(73)] ReadMemory at 0x1a42871b100 of 76 bytes failed: Only part of a ReadProcessMemory or WriteProcessMemory request was completed. (0x12B)
[0711/171453.927:ERROR:process_memory_win.cc(73)] ReadMemory at 0x1a42871b880 of 80 bytes failed: Only part of a ReadProcessMemory or WriteProcessMemory request was completed. (0x12B)
[0711/171453.927:ERROR:process_memory_win.cc(73)] ReadMemory at 0x1a42871bfd0 of 132 bytes failed: Only part of a ReadProcessMemory or WriteProcessMemory request was completed. (0x12B)
[0711/171453.927:ERROR:process_memory_win.cc(73)] ReadMemory at 0x1a42871c100 of 132 bytes failed: Only part of a ReadProcessMemory or WriteProcessMemory request was completed. (0x12B)
[0711/171453.927:ERROR:process_memory_win.cc(73)] ReadMemory at 0x1a42871c490 of 132 bytes failed: Only part of a ReadProcessMemory or WriteProcessMemory request was completed. (0x12B)
[0711/171453.927:ERROR:process_memory_win.cc(73)] ReadMemory at 0x1a42871c6f0 of 132 bytes failed: Only part of a ReadProcessMemory or WriteProcessMemory request was completed. (0x12B)
[0711/171453.927:ERROR:process_memory_win.cc(73)] ReadMemory at 0x1a42871d1a0 of 132 bytes failed: Only part of a ReadProcessMemory or WriteProcessMemory request was completed. (0x12B)
[0711/171453.927:ERROR:process_memory_win.cc(73)] ReadMemory at 0x1a42871d2d0 of 132 bytes failed: Only part of a ReadProcessMemory or WriteProcessMemory request was completed. (0x12B)
[0711/171453.927:ERROR:process_memory_win.cc(73)] ReadMemory at 0x1a42871d530 of 132 bytes failed: Only part of a ReadProcessMemory or WriteProcessMemory request was completed. (0x12B)
[0711/171453.927:ERROR:process_memory_win.cc(73)] ReadMemory at 0x1a42871d790 of 132 bytes failed: Only part of a ReadProcessMemory or WriteProcessMemory request was completed. (0x12B)
[0711/171453.927:ERROR:process_memory_win.cc(73)] ReadMemory at 0x1a42871db20 of 132 bytes failed: Only part of a ReadProcessMemory or WriteProcessMemory request was completed. (0x12B)
[0711/171453.927:ERROR:process_memory_win.cc(73)] ReadMemory at 0x1a42871dd80 of 132 bytes failed: Only part of a ReadProcessMemory or WriteProcessMemory request was completed. (0x12B)
[0711/171453.927:ERROR:process_memory_win.cc(73)] ReadMemory at 0x1a428732610 of 512 bytes failed: Only part of a ReadProcessMemory or WriteProcessMemory request was completed. (0x12B)
[0711/171453.927:ERROR:process_memory_win.cc(73)] ReadMemory at 0x1a428733580 of 512 bytes failed: Only part of a ReadProcessMemory or WriteProcessMemory request was completed. (0x12B)
[0711/171453.927:ERROR:process_memory_win.cc(73)] ReadMemory at 0x1a4289b0e80 of 896 bytes failed: Only part of a ReadProcessMemory or WriteProcessMemory request was completed. (0x12B)
[0711/171453.927:ERROR:process_memory_win.cc(73)] ReadMemory at 0x1a428f60000 of 384 bytes failed: Only part of a ReadProcessMemory or WriteProcessMemory request was completed. (0x12B)
[0711/171453.927:ERROR:process_memory_win.cc(73)] ReadMemory at 0x1a428fa2710 of 512 bytes failed: Only part of a ReadProcessMemory or WriteProcessMemory request was completed. (0x12B)
[0711/171453.927:ERROR:process_memory_win.cc(73)] ReadMemory at 0x1a428fd8120 of 512 bytes failed: Only part of a ReadProcessMemory or WriteProcessMemory request was completed. (0x12B)
[0711/171453.927:ERROR:process_memory_win.cc(73)] ReadMemory at 0x1a428fec130 of 712 bytes failed: Only part of a ReadProcessMemory or WriteProcessMemory request was completed. (0x12B)
[0711/171453.927:ERROR:process_memory_win.cc(73)] ReadMemory at 0x1a428fee1b0 of 512 bytes failed: Only part of a ReadProcessMemory or WriteProcessMemory request was completed. (0x12B)
[0711/171453.927:ERROR:process_memory_win.cc(73)] ReadMemory at 0x1a42a644f50 of 512 bytes failed: Only part of a ReadProcessMemory or WriteProcessMemory request was completed. (0x12B)
[0711/171453.927:ERROR:process_memory_win.cc(73)] ReadMemory at 0x1a42c0b3d40 of 512 bytes failed: Only part of a ReadProcessMemory or WriteProcessMemory request was completed. (0x12B)
[0711/171453.927:ERROR:process_memory_win.cc(73)] ReadMemory at 0x1a42c746760 of 512 bytes failed: Only part of a ReadProcessMemory or WriteProcessMemory request was completed. (0x12B)
[0711/171453.927:ERROR:process_memory_win.cc(73)] ReadMemory at 0x17ca04c018c0 of 512 bytes failed: Only part of a ReadProcessMemory or WriteProcessMemory request was completed. (0x12B)
[0711/171453.927:ERROR:process_memory_win.cc(73)] ReadMemory at 0x2d1a00000000 of 384 bytes failed: Only part of a ReadProcessMemory or WriteProcessMemory request was completed. (0x12B)
[0711/171453.927:ERROR:process_memory_win.cc(73)] ReadMemory at 0x2d1a000fb207 of 512 bytes failed: Only part of a ReadProcessMemory or WriteProcessMemory request was completed. (0x12B)
[0711/171453.927:ERROR:process_memory_win.cc(73)] ReadMemory at 0x2d1a080400f1 of 924 bytes failed: Only part of a ReadProcessMemory or WriteProcessMemory request was completed. (0x12B)
[0711/171453.927:ERROR:process_memory_win.cc(73)] ReadMemory at 0x2d1a08eca8d9 of 512 bytes failed: Only part of a ReadProcessMemory or WriteProcessMemory request was completed. (0x12B)
[0711/171453.927:ERROR:process_memory_win.cc(73)] ReadMemory at 0x2d1a08eff775 of 512 bytes failed: Only part of a ReadProcessMemory or WriteProcessMemory request was completed. (0x12B)
[0711/171453.927:ERROR:process_memory_win.cc(73)] ReadMemory at 0x2d1a09042731 of 676 bytes failed: Only part of a ReadProcessMemory or WriteProcessMemory request was completed. (0x12B)
[0711/171453.927:ERROR:process_memory_win.cc(73)] ReadMemory at 0x2d1a09201c05 of 512 bytes failed: Only part of a ReadProcessMemory or WriteProcessMemory request was completed. (0x12B)
[0711/171453.927:ERROR:process_memory_win.cc(73)] ReadMemory at 0x2d1a0a86c56d of 512 bytes failed: Only part of a ReadProcessMemory or WriteProcessMemory request was completed. (0x12B)
[0711/171453.927:ERROR:process_memory_win.cc(73)] ReadMemory at 0x2d1a0a991e15 of 512 bytes failed: Only part of a ReadProcessMemory or WriteProcessMemory request was completed. (0x12B)
[0711/171453.927:ERROR:process_memory_win.cc(73)] ReadMemory at 0x2d1a105a709d of 512 bytes failed: Only part of a ReadProcessMemory or WriteProcessMemory request was completed. (0x12B)
[0711/171453.927:ERROR:process_memory_win.cc(73)] ReadMemory at 0x7ffac98fc170 of 512 bytes failed: Only part of a ReadProcessMemory or WriteProcessMemory request was completed. (0x12B)
[0711/171453.927:ERROR:process_memory_win.cc(73)] ReadMemory at 0x7ffacba10120 of 512 bytes failed: Only part of a ReadProcessMemory or WriteProcessMemory request was completed. (0x12B)
[0711/171453.927:ERROR:process_memory_win.cc(73)] ReadMemory at 0x7ffaef0079a5 of 512 bytes failed: Only part of a ReadProcessMemory or WriteProcessMemory request was completed. (0x12B)
[0711/171453.927:ERROR:process_memory_win.cc(73)] ReadMemory at 0x7ffaef008180 of 512 bytes failed: Only part of a ReadProcessMemory or WriteProcessMemory request was completed. (0x12B)
[0711/171453.927:ERROR:process_memory_win.cc(73)] ReadMemory at 0x7ffb1fe1c074 of 672 bytes failed: Only part of a ReadProcessMemory or WriteProcessMemory request was completed. (0x12B)
[0711/171453.927:ERROR:process_memory_win.cc(73)] ReadMemory at 0x7ffb1fe1f924 of 608 bytes failed: Only part of a ReadProcessMemory or WriteProcessMemory request was completed. (0x12B)
[0711/171453.927:ERROR:process_memory_win.cc(73)] ReadMemory at 0x7ffb1feac428 of 18 bytes failed: Only part of a ReadProcessMemory or WriteProcessMemory request was completed. (0x12B)
[0711/171453.927:ERROR:process_memory_win.cc(73)] ReadMemory at 0x7ffb1fedf4f8 of 40 bytes failed: Only part of a ReadProcessMemory or WriteProcessMemory request was completed. (0x12B)
[0711/171453.927:ERROR:process_memory_win.cc(73)] ReadMemory at 0x7ffb1fedf978 of 48 bytes failed: Only part of a ReadProcessMemory or WriteProcessMemory request was completed. (0x12B)
[0711/171453.927:ERROR:process_memory_win.cc(73)] ReadMemory at 0x7ffb1fee53c0 of 64 bytes failed: Only part of a ReadProcessMemory or WriteProcessMemory request was completed. (0x12B)
[0711/171453.997:ERROR:scoped_process_suspend.cc(40)] NtResumeProcess: An attempt was made to access an exiting process. (0xc000010a)
